<?xml version="1.0" encoding="UTF-8"?>
<!-- Generated by org.testng.reporters.JUnitReportReporter -->
<testsuite name="com.rest.api.RestAssuredTest" tests="1" time="6.526" ignored="2" failures="0" timestamp="09 Jun 2021 11:42:09 GMT" skipped="0" hostname="LAPTOP-N15PODSG" errors="0">
  <testcase name="getUserDelay" time="6.526" classname="com.rest.api.RestAssuredTest"/>
  <testcase name="updateUserDetailsTest" classname="com.rest.api.RestAssuredTest">
    <skipped/>
  </testcase> <!-- updateUserDetailsTest -->
  <testcase name="getUserDetails" classname="com.rest.api.RestAssuredTest">
    <skipped/>
  </testcase> <!-- getUserDetails -->
</testsuite> <!-- com.rest.api.RestAssuredTest -->
